# JRE version: Java(TM) SE Runtime Environment (9.0+11) (build 9.0.4+11)
# Java VM: Java HotSpot(TM) 64-Bit Server VM (9.0.4+11, mixed mode, tiered, compressed oops, g1 gc, linux-amd64)
Heap:
 garbage-first heap   total 281600K, used 106726K [0x00000006c0000000, 0x00000006c0100898, 0x00000007c0000000)
  region size 1024K, 69 young (70656K), 7 survivors (7168K)
 Metaspace       used 45376K, capacity 49504K, committed 49536K, reserved 1093632K
  class space    used 4869K, capacity 6002K, committed 6016K, reserved 1048576K
GC Heap History (10 events):
Event: 5.949 GC heap before
{Heap before GC invocations=4 (full 0):
 garbage-first heap   total 196608K, used 39605K [0x00000006c0000000, 0x00000006c0100600, 0x00000007c0000000)
  region size 1024K, 25 young (25600K), 1 survivors (1024K)
 Metaspace       used 19261K, capacity 20988K, committed 21248K, reserved 1069056K
  class space    used 1930K, capacity 2446K, committed 2560K, reserved 1048576K
}
Event: 5.982 GC heap after
{Heap after GC invocations=5 (full 0):
 garbage-first heap   total 196608K, used 22435K [0x00000006c0000000, 0x00000006c0100600, 0x00000007c0000000)
  region size 1024K, 4 young (4096K), 4 survivors (4096K)
 Metaspace       used 19261K, capacity 20988K, committed 21248K, reserved 1069056K
  class space    used 1930K, capacity 2446K, committed 2560K, reserved 1048576K
}
Event: 6.001 GC heap before
{Heap before GC invocations=5 (full 0):
 garbage-first heap   total 196608K, used 22435K [0x00000006c0000000, 0x00000006c0100600, 0x00000007c0000000)
  region size 1024K, 5 young (5120K), 4 survivors (4096K)
 Metaspace       used 19318K, capacity 21080K, committed 21248K, reserved 1069056K
  class space    used 1936K, capacity 2450K, committed 2560K, reserved 1048576K
}
Event: 6.037 GC heap after
{Heap after GC invocations=6 (full 0):
 garbage-first heap   total 196608K, used 22552K [0x00000006c0000000, 0x00000006c0100600, 0x00000007c0000000)
  region size 1024K, 5 young (5120K), 5 survivors (5120K)
 Metaspace       used 19318K, capacity 21080K, committed 21248K, reserved 1069056K
  class space    used 1936K, capacity 2450K, committed 2560K, reserved 1048576K
}
Event: 9.660 GC heap before
{Heap before GC invocations=7 (full 0):
 garbage-first heap   total 196608K, used 61557K [0x00000006c0000000, 0x00000006c0100600, 0x00000007c0000000)
  region size 1024K, 43 young (44032K), 5 survivors (5120K)
 Metaspace       used 30330K, capacity 32958K, committed 33280K, reserved 1079296K
  class space    used 3226K, capacity 4011K, committed 4096K, reserved 1048576K
}
Event: 9.720 GC heap after
{Heap after GC invocations=8 (full 0):
 garbage-first heap   total 196608K, used 35561K [0x00000006c0000000, 0x00000006c0100600, 0x00000007c0000000)
  region size 1024K, 6 young (6144K), 6 survivors (6144K)
 Metaspace       used 30330K, capacity 32958K, committed 33280K, reserved 1079296K
  class space    used 3226K, capacity 4011K, committed 4096K, reserved 1048576K
}
Event: 10.685 GC heap before
{Heap before GC invocations=8 (full 0):
 garbage-first heap   total 196608K, used 42729K [0x00000006c0000000, 0x00000006c0100600, 0x00000007c0000000)
  region size 1024K, 14 young (14336K), 6 survivors (6144K)
 Metaspace       used 33051K, capacity 35800K, committed 35840K, reserved 1081344K
  class space    used 3542K, capacity 4341K, committed 4352K, reserved 1048576K
}
Event: 10.741 GC heap after
{Heap after GC invocations=9 (full 0):
 garbage-first heap   total 281600K, used 39011K [0x00000006c0000000, 0x00000006c0100898, 0x00000007c0000000)
  region size 1024K, 3 young (3072K), 3 survivors (3072K)
 Metaspace       used 33051K, capacity 35800K, committed 35840K, reserved 1081344K
  class space    used 3542K, capacity 4341K, committed 4352K, reserved 1048576K
}
Event: 15.382 GC heap before
{Heap before GC invocations=10 (full 0):
 garbage-first heap   total 281600K, used 90211K [0x00000006c0000000, 0x00000006c0100898, 0x00000007c0000000)
  region size 1024K, 55 young (56320K), 3 survivors (3072K)
 Metaspace       used 43470K, capacity 47376K, committed 47488K, reserved 1091584K
  class space    used 4634K, capacity 5735K, committed 5760K, reserved 1048576K
}
Event: 15.451 GC heap after
{Heap after GC invocations=11 (full 0):
 garbage-first heap   total 281600K, used 44262K [0x00000006c0000000, 0x00000006c0100898, 0x00000007c0000000)
  region size 1024K, 7 young (7168K), 7 survivors (7168K)
 Metaspace       used 43470K, capacity 47376K, committed 47488K, reserved 1091584K
  class space    used 4634K, capacity 5735K, committed 5760K, reserved 1048576K
}

