# JRE version: Java(TM) SE Runtime Environment (9.0+11) (build 9.0.4+11)
# Java VM: Java HotSpot(TM) 64-Bit Server VM (9.0.4+11, mixed mode, tiered, compressed oops, g1 gc, linux-amd64)
Heap:
 garbage-first heap   total 322560K, used 83630K [0x00000006c0000000, 0x00000006c01009d8, 0x00000007c0000000)
  region size 1024K, 44 young (45056K), 11 survivors (11264K)
 Metaspace       used 45252K, capacity 49396K, committed 49612K, reserved 1093632K
  class space    used 4849K, capacity 6002K, committed 6092K, reserved 1048576K
GC Heap History (10 events):
Event: 2.934 GC heap before
{Heap before GC invocations=3 (full 0):
 garbage-first heap   total 65536K, used 27196K [0x00000006c0000000, 0x00000006c0100200, 0x00000007c0000000)
  region size 1024K, 17 young (17408K), 1 survivors (1024K)
 Metaspace       used 12622K, capacity 13024K, committed 13184K, reserved 1060864K
  class space    used 1230K, capacity 1318K, committed 1408K, reserved 1048576K
}
Event: 2.960 GC heap after
{Heap after GC invocations=4 (full 0):
 garbage-first heap   total 196608K, used 17104K [0x00000006c0000000, 0x00000006c0100600, 0x00000007c0000000)
  region size 1024K, 3 young (3072K), 3 survivors (3072K)
 Metaspace       used 12622K, capacity 13024K, committed 13184K, reserved 1060864K
  class space    used 1230K, capacity 1318K, committed 1408K, reserved 1048576K
}
Event: 4.039 GC heap before
{Heap before GC invocations=4 (full 0):
 garbage-first heap   total 196608K, used 32464K [0x00000006c0000000, 0x00000006c0100600, 0x00000007c0000000)
  region size 1024K, 18 young (18432K), 3 survivors (3072K)
 Metaspace       used 15110K, capacity 16052K, committed 16384K, reserved 1064960K
  class space    used 1481K, capacity 1693K, committed 1792K, reserved 1048576K
}
Event: 4.099 GC heap after
{Heap after GC invocations=5 (full 0):
 garbage-first heap   total 196608K, used 20653K [0x00000006c0000000, 0x00000006c0100600, 0x00000007c0000000)
  region size 1024K, 3 young (3072K), 3 survivors (3072K)
 Metaspace       used 15110K, capacity 16052K, committed 16384K, reserved 1064960K
  class space    used 1481K, capacity 1693K, committed 1792K, reserved 1048576K
}
Event: 5.301 GC heap before
{Heap before GC invocations=5 (full 0):
 garbage-first heap   total 196608K, used 32941K [0x00000006c0000000, 0x00000006c0100600, 0x00000007c0000000)
  region size 1024K, 16 young (16384K), 3 survivors (3072K)
 Metaspace       used 19317K, capacity 21086K, committed 21248K, reserved 1069056K
  class space    used 1931K, capacity 2448K, committed 2560K, reserved 1048576K
}
Event: 5.335 GC heap after
{Heap after GC invocations=6 (full 0):
 garbage-first heap   total 196608K, used 24471K [0x00000006c0000000, 0x00000006c0100600, 0x00000007c0000000)
  region size 1024K, 5 young (5120K), 5 survivors (5120K)
 Metaspace       used 19317K, capacity 21086K, committed 21248K, reserved 1069056K
  class space    used 1931K, capacity 2448K, committed 2560K, reserved 1048576K
}
Event: 8.337 GC heap before
{Heap before GC invocations=7 (full 0):
 garbage-first heap   total 196608K, used 66455K [0x00000006c0000000, 0x00000006c0100600, 0x00000007c0000000)
  region size 1024K, 44 young (45056K), 5 survivors (5120K)
 Metaspace       used 30950K, capacity 33714K, committed 33868K, reserved 1079296K
  class space    used 3292K, capacity 4107K, committed 4172K, reserved 1048576K
}
Event: 8.400 GC heap after
{Heap after GC invocations=8 (full 0):
 garbage-first heap   total 196608K, used 39004K [0x00000006c0000000, 0x00000006c0100600, 0x00000007c0000000)
  region size 1024K, 6 young (6144K), 6 survivors (6144K)
 Metaspace       used 30950K, capacity 33714K, committed 33868K, reserved 1079296K
  class space    used 3292K, capacity 4107K, committed 4172K, reserved 1048576K
}
Event: 13.219 GC heap before
{Heap before GC invocations=9 (full 0):
 garbage-first heap   total 196608K, used 121948K [0x00000006c0000000, 0x00000006c0100600, 0x00000007c0000000)
  region size 1024K, 87 young (89088K), 6 survivors (6144K)
 Metaspace       used 44333K, capacity 48224K, committed 48460K, reserved 1091584K
  class space    used 4741K, capacity 5842K, committed 5964K, reserved 1048576K
}
Event: 13.330 GC heap after
{Heap after GC invocations=10 (full 0):
 garbage-first heap   total 322560K, used 50862K [0x00000006c0000000, 0x00000006c01009d8, 0x00000007c0000000)
  region size 1024K, 11 young (11264K), 11 survivors (11264K)
 Metaspace       used 44333K, capacity 48224K, committed 48460K, reserved 1091584K
  class space    used 4741K, capacity 5842K, committed 5964K, reserved 1048576K
}

