# JRE version: Java(TM) SE Runtime Environment (9.0+11) (build 9.0.4+11)
# Java VM: Java HotSpot(TM) 64-Bit Server VM (9.0.4+11, mixed mode, tiered, compressed oops, g1 gc, linux-amd64)
Heap:
 garbage-first heap   total 314368K, used 99900K [0x00000006c0000000, 0x00000006c0100998, 0x00000007c0000000)
  region size 1024K, 68 young (69632K), 8 survivors (8192K)
 Metaspace       used 45234K, capacity 49330K, committed 49532K, reserved 1093632K
  class space    used 4867K, capacity 6002K, committed 6012K, reserved 1048576K
GC Heap History (10 events):
Event: 4.389 GC heap before
{Heap before GC invocations=4 (full 0):
 garbage-first heap   total 196608K, used 37282K [0x00000006c0000000, 0x00000006c0100600, 0x00000007c0000000)
  region size 1024K, 23 young (23552K), 1 survivors (1024K)
 Metaspace       used 17275K, capacity 18618K, committed 18816K, reserved 1067008K
  class space    used 1745K, capacity 2085K, committed 2176K, reserved 1048576K
}
Event: 4.413 GC heap after
{Heap after GC invocations=5 (full 0):
 garbage-first heap   total 196608K, used 19122K [0x00000006c0000000, 0x00000006c0100600, 0x00000007c0000000)
  region size 1024K, 3 young (3072K), 3 survivors (3072K)
 Metaspace       used 17275K, capacity 18618K, committed 18816K, reserved 1067008K
  class space    used 1745K, capacity 2085K, committed 2176K, reserved 1048576K
}
Event: 5.063 GC heap before
{Heap before GC invocations=5 (full 0):
 garbage-first heap   total 196608K, used 26290K [0x00000006c0000000, 0x00000006c0100600, 0x00000007c0000000)
  region size 1024K, 11 young (11264K), 3 survivors (3072K)
 Metaspace       used 19426K, capacity 21140K, committed 21248K, reserved 1069056K
  class space    used 1969K, capacity 2494K, committed 2560K, reserved 1048576K
}
Event: 5.113 GC heap after
{Heap after GC invocations=6 (full 0):
 garbage-first heap   total 196608K, used 22006K [0x00000006c0000000, 0x00000006c0100600, 0x00000007c0000000)
  region size 1024K, 6 young (6144K), 6 survivors (6144K)
 Metaspace       used 19426K, capacity 21140K, committed 21248K, reserved 1069056K
  class space    used 1969K, capacity 2494K, committed 2560K, reserved 1048576K
}
Event: 8.125 GC heap before
{Heap before GC invocations=7 (full 0):
 garbage-first heap   total 196608K, used 64324K [0x00000006c0000000, 0x00000006c0100600, 0x00000007c0000000)
  region size 1024K, 46 young (47104K), 6 survivors (6144K)
 Metaspace       used 30926K, capacity 33648K, committed 33916K, reserved 1079296K
  class space    used 3296K, capacity 4107K, committed 4220K, reserved 1048576K
}
Event: 8.196 GC heap after
{Heap after GC invocations=8 (full 0):
 garbage-first heap   total 196608K, used 35735K [0x00000006c0000000, 0x00000006c0100600, 0x00000007c0000000)
  region size 1024K, 6 young (6144K), 6 survivors (6144K)
 Metaspace       used 30926K, capacity 33648K, committed 33916K, reserved 1079296K
  class space    used 3296K, capacity 4107K, committed 4220K, reserved 1048576K
}
Event: 8.584 GC heap before
{Heap before GC invocations=8 (full 0):
 garbage-first heap   total 196608K, used 39831K [0x00000006c0000000, 0x00000006c0100600, 0x00000007c0000000)
  region size 1024K, 11 young (11264K), 6 survivors (6144K)
 Metaspace       used 33144K, capacity 35946K, committed 36048K, reserved 1081344K
  class space    used 3590K, capacity 4405K, committed 4476K, reserved 1048576K
}
Event: 8.628 GC heap after
{Heap after GC invocations=9 (full 0):
 garbage-first heap   total 314368K, used 38470K [0x00000006c0000000, 0x00000006c0100998, 0x00000007c0000000)
  region size 1024K, 8 young (8192K), 8 survivors (8192K)
 Metaspace       used 33144K, capacity 35946K, committed 36048K, reserved 1081344K
  class space    used 3590K, capacity 4405K, committed 4476K, reserved 1048576K
}
Event: 12.072 GC heap before
{Heap before GC invocations=10 (full 0):
 garbage-first heap   total 314368K, used 85574K [0x00000006c0000000, 0x00000006c0100998, 0x00000007c0000000)
  region size 1024K, 59 young (60416K), 8 survivors (8192K)
 Metaspace       used 42851K, capacity 46740K, committed 46972K, reserved 1091584K
  class space    used 4585K, capacity 5670K, committed 5756K, reserved 1048576K
}
Event: 12.107 GC heap after
{Heap after GC invocations=11 (full 0):
 garbage-first heap   total 314368K, used 39484K [0x00000006c0000000, 0x00000006c0100998, 0x00000007c0000000)
  region size 1024K, 8 young (8192K), 8 survivors (8192K)
 Metaspace       used 42851K, capacity 46740K, committed 46972K, reserved 1091584K
  class space    used 4585K, capacity 5670K, committed 5756K, reserved 1048576K
}

